<?xml version="1.0" encoding="UTF-8"?>
<testng-results skipped="0" failed="0" total="1" passed="1">
  <reporter-output>
  </reporter-output>
  <suite name="Default suite" duration-ms="93125" started-at="2018-07-10T10:06:18Z" finished-at="2018-07-10T10:07:51Z">
    <groups>
    </groups>
    <test name="Default test" duration-ms="93125" started-at="2018-07-10T10:06:18Z" finished-at="2018-07-10T10:07:51Z">
      <class name="automation.Pageload">
        <test-method status="PASS" signature="main()[pri:0, instance:automation.Pageload@69b199]" name="main" duration-ms="93093" started-at="2018-07-10T15:36:18Z" finished-at="2018-07-10T15:37:51Z">
          <reporter-output>
          </reporter-output>
        </test-method> <!-- main -->
      </class> <!-- automation.Pageload -->
    </test> <!-- Default test -->
  </suite> <!-- Default suite -->
</testng-results>
